0 info it worked if it ends with ok
1 verbose cli [ '/usr/bin/nodejs', '/usr/bin/npm', 'run', 'watch' ]
2 info using npm@3.8.6
3 info using node@v5.12.0
4 verbose run-script [ 'prewatch', 'watch', 'postwatch' ]
5 info lifecycle es6@1.0.0~prewatch: es6@1.0.0
6 silly lifecycle es6@1.0.0~prewatch: no script for prewatch, continuing
7 info lifecycle es6@1.0.0~watch: es6@1.0.0
8 verbose lifecycle es6@1.0.0~watch: unsafe-perm in lifecycle true
9 verbose lifecycle es6@1.0.0~watch: PATH: /usr/lib/node_modules/npm/bin/node-gyp-bin:/var/es6/node_modules/.bin:/usr/bin:/usr/local/sbin:/usr/local/bin:/usr/sbin:/usr/bin:/sbin:/bin:/usr/games:/usr/local/games:/snap/bin:/snap/bin:/usr/local/php7/sbin/:/usr/local/php7/bin/:/home/xiaoxiao/phabricator/arcanist/bin/:/usr/local/php7/sbin/:/usr/local/php7/bin/:/home/xiaoxiao/phabricator/arcanist/bin/
10 verbose lifecycle es6@1.0.0~watch: CWD: /var/es6
11 silly lifecycle es6@1.0.0~watch: Args: [ '-c', 'onchange \'./src/**/*.js\' --npm run build' ]
12 silly lifecycle es6@1.0.0~watch: Returned: code: 1  signal: null
13 info lifecycle es6@1.0.0~watch: Failed to exec watch script
14 verbose stack Error: es6@1.0.0 watch: `onchange './src/**/*.js' --npm run build`
14 verbose stack Exit status 1
14 verbose stack     at EventEmitter.<anonymous> (/usr/lib/node_modules/npm/lib/utils/lifecycle.js:239:16)
14 verbose stack     at emitTwo (events.js:100:13)
14 verbose stack     at EventEmitter.emit (events.js:185:7)
14 verbose stack     at ChildProcess.<anonymous> (/usr/lib/node_modules/npm/lib/utils/spawn.js:24:14)
14 verbose stack     at emitTwo (events.js:100:13)
14 verbose stack     at ChildProcess.emit (events.js:185:7)
14 verbose stack     at maybeClose (internal/child_process.js:850:16)
14 verbose stack     at Process.ChildProcess._handle.onexit (internal/child_process.js:215:5)
15 verbose pkgid es6@1.0.0
16 verbose cwd /var/es6/src/02_destructuring
17 error Linux 4.4.0-42-generic
18 error argv "/usr/bin/nodejs" "/usr/bin/npm" "run" "watch"
19 error node v5.12.0
20 error npm  v3.8.6
21 error code ELIFECYCLE
22 error es6@1.0.0 watch: `onchange './src/**/*.js' --npm run build`
22 error Exit status 1
23 error Failed at the es6@1.0.0 watch script 'onchange './src/**/*.js' --npm run build'.
23 error Make sure you have the latest version of node.js and npm installed.
23 error If you do, this is most likely a problem with the es6 package,
23 error not with npm itself.
23 error Tell the author that this fails on your system:
23 error     onchange './src/**/*.js' --npm run build
23 error You can get information on how to open an issue for this project with:
23 error     npm bugs es6
23 error Or if that isn't available, you can get their info via:
23 error     npm owner ls es6
23 error There is likely additional logging output above.
24 verbose exit [ 1, true ]
